2025-08-26 20:39:47.979 -04:00 [INF] User profile is available. Using '/Users/kosalachi/.aspnet/DataProtection-Keys' as key repository; keys will not be encrypted at rest.
2025-08-26 20:39:48.064 -04:00 [INF] Payroll Processing Service is starting.
2025-08-26 20:39:48.067 -04:00 [INF] Initial delay until first payroll run: "23:20:11.9350170"
2025-08-26 20:39:48.469 -04:00 [INF] Now listening on: https://localhost:5002
2025-08-26 20:39:48.470 -04:00 [INF] Application started. Press Ctrl+C to shut down.
2025-08-26 20:39:48.470 -04:00 [INF] Hosting environment: Development
2025-08-26 20:39:48.470 -04:00 [INF] Content root path: /Users/kosalachi/Public/Prince/HRMS/HRMS.API
2025-08-26 20:40:36.426 -04:00 [INF] Request starting HTTP/2 GET https://localhost:5002/swagger/index.html - null null
2025-08-26 20:40:36.564 -04:00 [INF] Request finished HTTP/2 GET https://localhost:5002/swagger/index.html - 200 null text/html;charset=utf-8 139.5973ms
2025-08-26 20:40:36.814 -04:00 [INF] Request starting HTTP/2 GET https://localhost:5002/swagger/v1/swagger.json - null null
2025-08-26 20:40:37.030 -04:00 [INF] Request finished HTTP/2 GET https://localhost:5002/swagger/v1/swagger.json - 200 null application/json;charset=utf-8 218.3253ms
2025-08-26 20:41:12.320 -04:00 [INF] Request starting HTTP/2 POST https://localhost:5002/api/Pdf/upload - multipart/form-data; boundary=----WebKitFormBoundarym9bXkXZH6XREoRrP 1551879
2025-08-26 20:41:12.458 -04:00 [INF] CORS policy execution failed.
2025-08-26 20:41:12.458 -04:00 [INF] Request origin https://localhost:5002 does not have permission to access the resource.
2025-08-26 20:41:12.465 -04:00 [INF] Executing endpoint 'HRMS.API.Controllers.PdfController.MergeUploadedAsync (HRMS.API)'
2025-08-26 20:41:12.483 -04:00 [INF] Route matched with {action = "MergeUploaded", controller = "Pdf"}. Executing controller action with signature System.Threading.Tasks.Task`1[Microsoft.AspNetCore.Mvc.IActionResult] MergeUploadedAsync(MergeFilesRequest) on controller HRMS.API.Controllers.PdfController (HRMS.API).
2025-08-26 20:41:12.541 -04:00 [INF] Executing action method HRMS.API.Controllers.PdfController.MergeUploadedAsync (HRMS.API) - Validation state: "Valid"
2025-08-26 20:42:07.700 -04:00 [INF] Executed action method HRMS.API.Controllers.PdfController.MergeUploadedAsync (HRMS.API), returned result Microsoft.AspNetCore.Mvc.FileContentResult in 55093.6892ms.
2025-08-26 20:42:07.773 -04:00 [INF] Executing FileContentResult, sending file with download name 'merged.pdf' ...
2025-08-26 20:42:07.810 -04:00 [INF] Executed action HRMS.API.Controllers.PdfController.MergeUploadedAsync (HRMS.API) in 55324.3423ms
2025-08-26 20:42:07.816 -04:00 [INF] Executed endpoint 'HRMS.API.Controllers.PdfController.MergeUploadedAsync (HRMS.API)'
2025-08-26 20:42:07.874 -04:00 [INF] HTTP POST /api/Pdf/upload responded 200 in 55353.5078 ms
2025-08-26 20:42:07.916 -04:00 [WRN] Slow Request {"Method":"POST","Path":{"Value":"/api/Pdf/upload","HasValue":true,"$type":"PathString"},"StatusCode":200,"DurationMs":55535.8428,"Query":""}
2025-08-26 20:42:07.947 -04:00 [INF] Request finished HTTP/2 POST https://localhost:5002/api/Pdf/upload - 499 1548046 application/pdf 55626.2937ms
2025-08-26 20:42:13.903 -04:00 [INF] Request starting HTTP/2 POST https://localhost:5002/api/Pdf/upload - multipart/form-data; boundary=----WebKitFormBoundaryDm2TsofBMbjU5L0W 1551879
2025-08-26 20:42:13.918 -04:00 [INF] CORS policy execution failed.
2025-08-26 20:42:13.918 -04:00 [INF] Request origin https://localhost:5002 does not have permission to access the resource.
2025-08-26 20:42:13.920 -04:00 [INF] Executing endpoint 'HRMS.API.Controllers.PdfController.MergeUploadedAsync (HRMS.API)'
2025-08-26 20:42:13.921 -04:00 [INF] Route matched with {action = "MergeUploaded", controller = "Pdf"}. Executing controller action with signature System.Threading.Tasks.Task`1[Microsoft.AspNetCore.Mvc.IActionResult] MergeUploadedAsync(MergeFilesRequest) on controller HRMS.API.Controllers.PdfController (HRMS.API).
2025-08-26 20:42:13.963 -04:00 [INF] Executing action method HRMS.API.Controllers.PdfController.MergeUploadedAsync (HRMS.API) - Validation state: "Valid"
2025-08-26 20:42:16.803 -04:00 [INF] Executed action method HRMS.API.Controllers.PdfController.MergeUploadedAsync (HRMS.API), returned result Microsoft.AspNetCore.Mvc.FileContentResult in 2838.8909ms.
2025-08-26 20:42:16.804 -04:00 [INF] Executing FileContentResult, sending file with download name 'merged.pdf' ...
2025-08-26 20:42:16.823 -04:00 [INF] Executed action HRMS.API.Controllers.PdfController.MergeUploadedAsync (HRMS.API) in 2902.1063ms
2025-08-26 20:42:16.824 -04:00 [INF] Executed endpoint 'HRMS.API.Controllers.PdfController.MergeUploadedAsync (HRMS.API)'
2025-08-26 20:42:16.824 -04:00 [INF] HTTP POST /api/Pdf/upload responded 200 in 2904.4185 ms
2025-08-26 20:42:16.825 -04:00 [WRN] Slow Request {"Method":"POST","Path":{"Value":"/api/Pdf/upload","HasValue":true,"$type":"PathString"},"StatusCode":200,"DurationMs":2917.2588,"Query":""}
2025-08-26 20:42:16.827 -04:00 [INF] Request finished HTTP/2 POST https://localhost:5002/api/Pdf/upload - 200 1548046 application/pdf 2923.0722ms
2025-08-26 20:46:32.492 -04:00 [INF] User profile is available. Using '/Users/kosalachi/.aspnet/DataProtection-Keys' as key repository; keys will not be encrypted at rest.
2025-08-26 20:46:32.570 -04:00 [INF] Payroll Processing Service is starting.
2025-08-26 20:46:32.571 -04:00 [INF] Initial delay until first payroll run: "23:13:27.4294560"
2025-08-26 20:46:32.959 -04:00 [INF] Now listening on: https://localhost:5002
2025-08-26 20:46:32.959 -04:00 [INF] Application started. Press Ctrl+C to shut down.
2025-08-26 20:46:32.960 -04:00 [INF] Hosting environment: Development
2025-08-26 20:46:32.960 -04:00 [INF] Content root path: /Users/kosalachi/Public/Prince/HRMS/HRMS.API
2025-08-26 20:46:34.015 -04:00 [INF] Request starting HTTP/2 GET https://localhost:5002/swagger/index.html - null null
2025-08-26 20:46:34.109 -04:00 [INF] Request finished HTTP/2 GET https://localhost:5002/swagger/index.html - 200 null text/html;charset=utf-8 95.2251ms
2025-08-26 20:46:34.179 -04:00 [INF] Request starting HTTP/2 GET https://localhost:5002/swagger/v1/swagger.json - null null
2025-08-26 20:46:34.346 -04:00 [INF] Request finished HTTP/2 GET https://localhost:5002/swagger/v1/swagger.json - 200 null application/json;charset=utf-8 167.9557ms
2025-08-26 20:48:19.159 -04:00 [INF] Request starting HTTP/2 GET https://localhost:5002/ - null null
2025-08-26 20:48:19.664 -04:00 [INF] HTTP GET / responded 404 in 0.6974 ms
2025-08-26 20:48:19.668 -04:00 [INF] Request Completed {"Method":"GET","Path":{"Value":"/","HasValue":true,"$type":"PathString"},"StatusCode":404,"DurationMs":242.9982,"Query":""}
2025-08-26 20:48:19.673 -04:00 [INF] Request finished HTTP/2 GET https://localhost:5002/ - 404 0 null 540.4087ms
2025-08-26 20:48:19.673 -04:00 [INF] Request reached the end of the middleware pipeline without being handled by application code. Request path: GET https://localhost:5002/, Response status code: 404
2025-08-26 20:48:20.671 -04:00 [INF] Request starting HTTP/2 GET https://localhost:5002/favicon.ico - null null
2025-08-26 20:48:20.759 -04:00 [INF] HTTP GET /favicon.ico responded 404 in 0.0646 ms
2025-08-26 20:48:20.759 -04:00 [INF] Request Completed {"Method":"GET","Path":{"Value":"/favicon.ico","HasValue":true,"$type":"PathString"},"StatusCode":404,"DurationMs":85.7683,"Query":""}
2025-08-26 20:48:20.759 -04:00 [INF] Request finished HTTP/2 GET https://localhost:5002/favicon.ico - 404 0 null 88.0016ms
2025-08-26 20:48:20.761 -04:00 [INF] Request reached the end of the middleware pipeline without being handled by application code. Request path: GET https://localhost:5002/favicon.ico, Response status code: 404
2025-08-26 20:48:22.719 -04:00 [INF] Request starting HTTP/2 GET https://localhost:5002/ - null null
2025-08-26 20:48:22.722 -04:00 [INF] HTTP GET / responded 404 in 0.0308 ms
2025-08-26 20:48:22.722 -04:00 [INF] Request Completed {"Method":"GET","Path":{"Value":"/","HasValue":true,"$type":"PathString"},"StatusCode":404,"DurationMs":2.7884,"Query":""}
2025-08-26 20:48:22.723 -04:00 [INF] Request finished HTTP/2 GET https://localhost:5002/ - 404 0 null 4.2897ms
2025-08-26 20:48:22.723 -04:00 [INF] Request reached the end of the middleware pipeline without being handled by application code. Request path: GET https://localhost:5002/, Response status code: 404
2025-08-26 20:48:24.116 -04:00 [INF] Request starting HTTP/2 GET https://localhost:5002/swagger/v1/swagger.json - null null
2025-08-26 20:48:24.212 -04:00 [INF] Request finished HTTP/2 GET https://localhost:5002/swagger/v1/swagger.json - 200 null application/json;charset=utf-8 95.5198ms
2025-08-26 20:49:45.064 -04:00 [INF] Request starting HTTP/2 POST https://localhost:5002/api/Pdf/upload - multipart/form-data; boundary=----WebKitFormBoundarynFM8AN0cUzNGrdsO 6773510
2025-08-26 20:49:45.091 -04:00 [INF] CORS policy execution failed.
2025-08-26 20:49:45.092 -04:00 [INF] Request origin https://localhost:5002 does not have permission to access the resource.
2025-08-26 20:49:45.095 -04:00 [INF] Executing endpoint 'HRMS.API.Controllers.PdfController.MergeUploadedAsync (HRMS.API)'
2025-08-26 20:49:45.143 -04:00 [INF] Route matched with {action = "MergeUploaded", controller = "Pdf"}. Executing controller action with signature System.Threading.Tasks.Task`1[Microsoft.AspNetCore.Mvc.IActionResult] MergeUploadedAsync(MergeFilesRequest) on controller HRMS.API.Controllers.PdfController (HRMS.API).
2025-08-26 20:49:45.259 -04:00 [INF] Executing action method HRMS.API.Controllers.PdfController.MergeUploadedAsync (HRMS.API) - Validation state: "Valid"
2025-08-26 20:49:47.426 -04:00 [INF] Executed action method HRMS.API.Controllers.PdfController.MergeUploadedAsync (HRMS.API), returned result Microsoft.AspNetCore.Mvc.FileContentResult in 2164.0434ms.
2025-08-26 20:49:47.432 -04:00 [INF] Executing FileContentResult, sending file with download name 'merged.pdf' ...
2025-08-26 20:49:47.463 -04:00 [INF] Executed action HRMS.API.Controllers.PdfController.MergeUploadedAsync (HRMS.API) in 2309.6323ms
2025-08-26 20:49:47.464 -04:00 [INF] Executed endpoint 'HRMS.API.Controllers.PdfController.MergeUploadedAsync (HRMS.API)'
2025-08-26 20:49:47.464 -04:00 [INF] HTTP POST /api/Pdf/upload responded 200 in 2370.2009 ms
2025-08-26 20:49:47.466 -04:00 [WRN] Slow Request {"Method":"POST","Path":{"Value":"/api/Pdf/upload","HasValue":true,"$type":"PathString"},"StatusCode":200,"DurationMs":2398.9311,"Query":""}
2025-08-26 20:49:47.482 -04:00 [INF] Request finished HTTP/2 POST https://localhost:5002/api/Pdf/upload - 200 6533658 application/pdf 2418.4257ms
2025-08-26 20:56:03.112 -04:00 [INF] Request starting HTTP/2 GET https://localhost:5002/swagger/index.html - null null
2025-08-26 20:56:03.255 -04:00 [INF] Request finished HTTP/2 GET https://localhost:5002/swagger/index.html - 200 null text/html;charset=utf-8 127.9135ms
2025-08-26 20:56:03.398 -04:00 [INF] Request starting HTTP/2 GET https://localhost:5002/swagger/index.js - null null
2025-08-26 20:56:03.469 -04:00 [INF] Request starting HTTP/2 GET https://localhost:5002/swagger/index.css - null null
2025-08-26 20:56:03.493 -04:00 [INF] Request starting HTTP/2 GET https://localhost:5002/swagger/swagger-ui-bundle.js - null null
2025-08-26 20:56:03.494 -04:00 [INF] Request starting HTTP/2 GET https://localhost:5002/swagger/swagger-ui-standalone-preset.js - null null
2025-08-26 20:56:03.441 -04:00 [INF] Request starting HTTP/2 GET https://localhost:5002/swagger/swagger-ui.css - null null
2025-08-26 20:56:03.498 -04:00 [INF] Request finished HTTP/2 GET https://localhost:5002/swagger/index.js - 200 null application/javascript;charset=utf-8 99.7425ms
2025-08-26 20:56:04.081 -04:00 [INF] Request finished HTTP/2 GET https://localhost:5002/swagger/index.css - 200 202 text/css 611.456ms
2025-08-26 20:56:04.141 -04:00 [INF] Request finished HTTP/2 GET https://localhost:5002/swagger/swagger-ui-standalone-preset.js - 200 229223 text/javascript 646.7353ms
2025-08-26 20:56:04.141 -04:00 [INF] Request finished HTTP/2 GET https://localhost:5002/swagger/swagger-ui.css - 200 155175 text/css 700.0397ms
2025-08-26 20:56:04.145 -04:00 [INF] Request finished HTTP/2 GET https://localhost:5002/swagger/swagger-ui-bundle.js - 200 1485750 text/javascript 651.3437ms
2025-08-26 20:56:04.212 -04:00 [INF] Request starting HTTP/2 GET https://localhost:5002/swagger/v1/swagger.json - null null
2025-08-26 20:56:04.214 -04:00 [INF] Request starting HTTP/2 GET https://localhost:5002/swagger/favicon-32x32.png - null null
2025-08-26 20:56:04.214 -04:00 [INF] Request finished HTTP/2 GET https://localhost:5002/swagger/favicon-32x32.png - 200 628 image/png 0.5164ms
2025-08-26 20:56:04.302 -04:00 [INF] Request finished HTTP/2 GET https://localhost:5002/swagger/v1/swagger.json - 200 null application/json;charset=utf-8 90.1315ms
2025-08-26 20:59:16.239 -04:00 [INF] Request starting HTTP/2 POST https://localhost:5002/api/Pdf/upload - multipart/form-data; boundary=----WebKitFormBoundaryAaObKUWaFjkrTbvL 3182292
2025-08-26 20:59:16.282 -04:00 [INF] CORS policy execution failed.
2025-08-26 20:59:16.283 -04:00 [INF] Request origin https://localhost:5002 does not have permission to access the resource.
2025-08-26 20:59:16.290 -04:00 [INF] Executing endpoint 'HRMS.API.Controllers.PdfController.MergeUploadedAsync (HRMS.API)'
2025-08-26 20:59:16.304 -04:00 [INF] Route matched with {action = "MergeUploaded", controller = "Pdf"}. Executing controller action with signature System.Threading.Tasks.Task`1[Microsoft.AspNetCore.Mvc.IActionResult] MergeUploadedAsync(MergeFilesRequest) on controller HRMS.API.Controllers.PdfController (HRMS.API).
2025-08-26 20:59:16.363 -04:00 [INF] Executing action method HRMS.API.Controllers.PdfController.MergeUploadedAsync (HRMS.API) - Validation state: "Valid"
2025-08-26 20:59:16.617 -04:00 [INF] Executed action method HRMS.API.Controllers.PdfController.MergeUploadedAsync (HRMS.API), returned result Microsoft.AspNetCore.Mvc.FileContentResult in 252.801ms.
2025-08-26 20:59:16.617 -04:00 [INF] Executing FileContentResult, sending file with download name 'merged.pdf' ...
2025-08-26 20:59:16.652 -04:00 [INF] Executed action HRMS.API.Controllers.PdfController.MergeUploadedAsync (HRMS.API) in 347.3035ms
2025-08-26 20:59:16.652 -04:00 [INF] Executed endpoint 'HRMS.API.Controllers.PdfController.MergeUploadedAsync (HRMS.API)'
2025-08-26 20:59:16.652 -04:00 [INF] HTTP POST /api/Pdf/upload responded 200 in 361.9765 ms
2025-08-26 20:59:16.653 -04:00 [INF] Request Completed {"Method":"POST","Path":{"Value":"/api/Pdf/upload","HasValue":true,"$type":"PathString"},"StatusCode":200,"DurationMs":408.3626,"Query":""}
2025-08-26 20:59:16.654 -04:00 [INF] Request finished HTTP/2 POST https://localhost:5002/api/Pdf/upload - 200 3196983 application/pdf 466.4224ms
