2025-11-08 15:45:28.699 -05:00 [WRN] The property 'LeaveRequest.Attachments' is a collection or enumeration type with a value converter but with no value comparer. Set a value comparer to ensure the collection/enumeration elements are compared correctly.
2025-11-08 15:45:28.797 -05:00 [WRN] The foreign key property 'LeaveRequest.EmployeeId1' was created in shadow state because a conflicting property with the simple name 'EmployeeId' exists in the entity type, but is either not mapped, is already used for another relationship, or is incompatible with the associated primary key type. See https://aka.ms/efcore-relationships for information on mapping relationships in EF Core.
2025-11-08 15:45:28.906 -05:00 [WRN] No store type was specified for the decimal property 'FullTimeEquivalent' on entity type 'Employee'. This will cause values to be silently truncated if they do not fit in the default precision and scale. Explicitly specify the SQL server column type that can accommodate all the values in 'OnModelCreating' using 'HasColumnType', specify precision and scale using 'HasPrecision', or configure a value converter using 'HasConversion'.
2025-11-08 15:45:28.912 -05:00 [WRN] No store type was specified for the decimal property 'BenefitsDeductions' on entity type 'Payroll'. This will cause values to be silently truncated if they do not fit in the default precision and scale. Explicitly specify the SQL server column type that can accommodate all the values in 'OnModelCreating' using 'HasColumnType', specify precision and scale using 'HasPrecision', or configure a value converter using 'HasConversion'.
2025-11-08 15:45:28.916 -05:00 [WRN] No store type was specified for the decimal property 'GrossSalary' on entity type 'Payroll'. This will cause values to be silently truncated if they do not fit in the default precision and scale. Explicitly specify the SQL server column type that can accommodate all the values in 'OnModelCreating' using 'HasColumnType', specify precision and scale using 'HasPrecision', or configure a value converter using 'HasConversion'.
2025-11-08 15:45:28.919 -05:00 [WRN] No store type was specified for the decimal property 'NetSalary' on entity type 'Payroll'. This will cause values to be silently truncated if they do not fit in the default precision and scale. Explicitly specify the SQL server column type that can accommodate all the values in 'OnModelCreating' using 'HasColumnType', specify precision and scale using 'HasPrecision', or configure a value converter using 'HasConversion'.
2025-11-08 15:45:28.923 -05:00 [WRN] No store type was specified for the decimal property 'TaxDeductions' on entity type 'Payroll'. This will cause values to be silently truncated if they do not fit in the default precision and scale. Explicitly specify the SQL server column type that can accommodate all the values in 'OnModelCreating' using 'HasColumnType', specify precision and scale using 'HasPrecision', or configure a value converter using 'HasConversion'.
2025-11-08 15:45:28.926 -05:00 [WRN] No store type was specified for the decimal property 'Amount' on entity type 'PayrollItem'. This will cause values to be silently truncated if they do not fit in the default precision and scale. Explicitly specify the SQL server column type that can accommodate all the values in 'OnModelCreating' using 'HasColumnType', specify precision and scale using 'HasPrecision', or configure a value converter using 'HasConversion'.
2025-11-08 15:45:28.930 -05:00 [WRN] No store type was specified for the decimal property 'Progress' on entity type 'PerformanceGoal'. This will cause values to be silently truncated if they do not fit in the default precision and scale. Explicitly specify the SQL server column type that can accommodate all the values in 'OnModelCreating' using 'HasColumnType', specify precision and scale using 'HasPrecision', or configure a value converter using 'HasConversion'.
2025-11-08 15:45:28.933 -05:00 [WRN] No store type was specified for the decimal property 'Rating' on entity type 'ReviewMetric'. This will cause values to be silently truncated if they do not fit in the default precision and scale. Explicitly specify the SQL server column type that can accommodate all the values in 'OnModelCreating' using 'HasColumnType', specify precision and scale using 'HasPrecision', or configure a value converter using 'HasConversion'.
2025-11-08 15:45:28.937 -05:00 [WRN] No store type was specified for the decimal property 'Weight' on entity type 'ReviewMetric'. This will cause values to be silently truncated if they do not fit in the default precision and scale. Explicitly specify the SQL server column type that can accommodate all the values in 'OnModelCreating' using 'HasColumnType', specify precision and scale using 'HasPrecision', or configure a value converter using 'HasConversion'.
2025-11-08 15:45:31.248 -05:00 [INF] Executed DbCommand (257ms) [Parameters=[], CommandType='"Text"', CommandTimeout='30']
SELECT 1
2025-11-08 15:45:32.066 -05:00 [INF] User profile is available. Using 'C:\Users\Prince\AppData\Local\ASP.NET\DataProtection-Keys' as key repository and Windows DPAPI to encrypt keys at rest.
2025-11-08 15:45:32.090 -05:00 [INF] Payroll Processing Service is starting.
2025-11-08 15:45:32.093 -05:00 [INF] Initial delay until first payroll run: "03:14:27.9066815"
2025-11-08 15:45:32.555 -05:00 [INF] Now listening on: https://localhost:5002
2025-11-08 15:45:32.667 -05:00 [INF] Application started. Press Ctrl+C to shut down.
2025-11-08 15:45:32.670 -05:00 [INF] Hosting environment: Development
2025-11-08 15:45:32.672 -05:00 [INF] Content root path: C:\Users\Prince\source\repos\HRMS\HRMS.API
2025-11-08 15:45:35.355 -05:00 [INF] Request starting HTTP/2 GET https://localhost:5002/_framework/aspnetcore-browser-refresh.js - null null
2025-11-08 15:45:35.472 -05:00 [INF] Request finished HTTP/2 GET https://localhost:5002/_framework/aspnetcore-browser-refresh.js - 200 16501 application/javascript; charset=utf-8 145.5692ms
2025-11-08 15:45:35.720 -05:00 [INF] Request starting HTTP/2 GET https://localhost:5002/_vs/browserLink - null null
2025-11-08 15:45:35.962 -05:00 [INF] Request finished HTTP/2 GET https://localhost:5002/_vs/browserLink - 200 null text/javascript; charset=UTF-8 242.6787ms
2025-11-08 15:45:36.074 -05:00 [INF] Request starting HTTP/2 GET https://localhost:5002/swagger/v1/swagger.json - null null
2025-11-08 15:45:36.765 -05:00 [INF] Request finished HTTP/2 GET https://localhost:5002/swagger/v1/swagger.json - 200 null application/json;charset=utf-8 691.3445ms
2025-11-08 15:45:50.610 -05:00 [INF] Request starting HTTP/2 GET https://localhost:5002/api/Employees - null null
2025-11-08 15:45:50.793 -05:00 [INF] Executing endpoint 'HRMS.API.Controllers.EmployeesController.GetAllEmployees (HRMS.API)'
2025-11-08 15:45:50.831 -05:00 [INF] Route matched with {action = "GetAllEmployees", controller = "Employees"}. Executing controller action with signature System.Threading.Tasks.Task`1[Microsoft.AspNetCore.Mvc.IActionResult] GetAllEmployees(HRMS.Application.Features.Employees.Queries.GetEmployeeList.GetEmployeeListQuery) on controller HRMS.API.Controllers.EmployeesController (HRMS.API).
2025-11-08 15:45:50.839 -05:00 [WRN] You do not have a valid license key for the Lucky Penny software MediatR. This is allowed for development and testing scenarios. If you are running in production you are required to have a licensed version. Please visit https://luckypennysoftware.com to obtain a valid license.
2025-11-08 15:45:54.485 -05:00 [WRN] Compiling a query which loads related collections for more than one collection navigation, either via 'Include' or through projection, but no 'QuerySplittingBehavior' has been configured. By default, Entity Framework will use 'QuerySplittingBehavior.SingleQuery', which can potentially result in slow query performance. See https://go.microsoft.com/fwlink/?linkid=2134277 for more information. To identify the query that's triggering this warning call 'ConfigureWarnings(w => w.Throw(RelationalEventId.MultipleCollectionIncludeWarning))'.
2025-11-08 15:45:55.325 -05:00 [INF] Executed DbCommand (539ms) [Parameters=[], CommandType='"Text"', CommandTimeout='30']
SELECT [e].[Id], [e].[AzureAdId], [e].[BaseSalary], [e].[DateOfBirth], [e].[DepartmentId], [e].[EmployeeNumber], [e].[EmploymentType], [e].[FullTimeEquivalent], [e].[Gender], [e].[GovernmentId], [e].[HireDate], [e].[IsFullTime], [e].[JobTitle], [e].[ManagerId], [e].[MaritalStatus], [e].[PayFrequency], [e].[PersonalPhone], [e].[PositionId], [e].[Status], [e].[TaxIdentificationNumber], [e].[TerminationDate], [e].[TerminationReason], [e].[WorkPhone], [d].[Id], [p].[Id], [e0].[Id], [e0].[ClockInTime], [e0].[ClockOutTime], [e0].[Date], [e0].[EmployeeId], [e0].[Notes], [e0].[Status], [e].[BankDetails_AccountNumber], [e].[BankDetails_BankName], [e].[BankDetails_RoutingNumber], [e1].[Id], [e1].[EmployeeId], [e1].[ExpirationDate], [e1].[IssueDate], [e1].[IssuingOrganization], [e1].[Name], [e2].[Id], [e2].[DateOfBirth], [e2].[EmployeeId], [e2].[IsForTaxBenefits], [e2].[Name], [e2].[Relationship], [e3].[Id], [e3].[Degree], [e3].[EmployeeId], [e3].[EndDate], [e3].[FieldOfStudy], [e3].[Institution], [e3].[IsCompleted], [e3].[StartDate], [e].[Email], [e4].[Id], [e4].[Email], [e4].[EmployeeId], [e4].[Name], [e4].[PhoneNumber], [e4].[Relationship], [e].[Name_FirstName], [e].[Name_LastName], [e].[PrimaryAddress_City], [e].[PrimaryAddress_Country], [e].[PrimaryAddress_PostalCode], [e].[PrimaryAddress_State], [e].[PrimaryAddress_Street], [e5].[Id], [e5].[AcquiredDate], [e5].[EmployeeId], [e5].[Level], [e5].[Name], [d].[Code], [d].[Description], [d].[ManagerId], [d].[Name], [p].[BaseSalary], [p].[Code], [p].[DepartmentId], [p].[Description], [p].[Title]
FROM [Employees] AS [e]
INNER JOIN [Departments] AS [d] ON [e].[DepartmentId] = [d].[Id]
INNER JOIN [Positions] AS [p] ON [e].[PositionId] = [p].[Id]
LEFT JOIN [EmployeeAttendanceRecords] AS [e0] ON [e].[Id] = [e0].[EmployeeId]
LEFT JOIN [EmployeeCertifications] AS [e1] ON [e].[Id] = [e1].[EmployeeId]
LEFT JOIN [EmployeeDependents] AS [e2] ON [e].[Id] = [e2].[EmployeeId]
LEFT JOIN [EmployeeEducationHistory] AS [e3] ON [e].[Id] = [e3].[EmployeeId]
LEFT JOIN [EmployeeEmergencyContacts] AS [e4] ON [e].[Id] = [e4].[EmployeeId]
LEFT JOIN [EmployeeSkills] AS [e5] ON [e].[Id] = [e5].[EmployeeId]
ORDER BY [e].[Id], [d].[Id], [p].[Id], [e0].[Id], [e1].[Id], [e2].[Id], [e3].[Id], [e4].[Id]
2025-11-08 15:45:55.714 -05:00 [INF] Executing OkObjectResult, writing value of type 'HRMS.Application.Wrappers.BaseResult`1[[System.Collections.Generic.List`1[[HRMS.Application.Features.Employees.Dtos.EmployeeListDto, HRMS.Application, Version=1.0.0.0, Culture=neutral, PublicKeyToken=null]], System.Private.CoreLib, Version=9.0.0.0, Culture=neutral, PublicKeyToken=7cec85d7bea7798e]]'.
2025-11-08 15:45:55.759 -05:00 [INF] Executed action HRMS.API.Controllers.EmployeesController.GetAllEmployees (HRMS.API) in 4919.7596ms
2025-11-08 15:45:55.764 -05:00 [INF] Executed endpoint 'HRMS.API.Controllers.EmployeesController.GetAllEmployees (HRMS.API)'
2025-11-08 15:45:55.771 -05:00 [INF] HTTP GET /api/Employees responded 200 in 4978.4627 ms
2025-11-08 15:45:55.784 -05:00 [WRN] Slow Request {"Method":"GET","Path":{"Value":"/api/Employees","HasValue":true,"$type":"PathString"},"StatusCode":200,"DurationMs":5147.6766,"Query":""}
2025-11-08 15:45:55.807 -05:00 [INF] Request finished HTTP/2 GET https://localhost:5002/api/Employees - 200 null application/json; charset=utf-8 5197.1862ms
2025-11-08 21:49:18.886 +00:00 [WRN] The property 'LeaveRequest.Attachments' is a collection or enumeration type with a value converter but with no value comparer. Set a value comparer to ensure the collection/enumeration elements are compared correctly.
2025-11-08 21:49:19.053 +00:00 [WRN] The foreign key property 'LeaveRequest.EmployeeId1' was created in shadow state because a conflicting property with the simple name 'EmployeeId' exists in the entity type, but is either not mapped, is already used for another relationship, or is incompatible with the associated primary key type. See https://aka.ms/efcore-relationships for information on mapping relationships in EF Core.
2025-11-08 21:49:19.181 +00:00 [WRN] No store type was specified for the decimal property 'FullTimeEquivalent' on entity type 'Employee'. This will cause values to be silently truncated if they do not fit in the default precision and scale. Explicitly specify the SQL server column type that can accommodate all the values in 'OnModelCreating' using 'HasColumnType', specify precision and scale using 'HasPrecision', or configure a value converter using 'HasConversion'.
2025-11-08 21:49:19.184 +00:00 [WRN] No store type was specified for the decimal property 'BenefitsDeductions' on entity type 'Payroll'. This will cause values to be silently truncated if they do not fit in the default precision and scale. Explicitly specify the SQL server column type that can accommodate all the values in 'OnModelCreating' using 'HasColumnType', specify precision and scale using 'HasPrecision', or configure a value converter using 'HasConversion'.
2025-11-08 21:49:19.185 +00:00 [WRN] No store type was specified for the decimal property 'GrossSalary' on entity type 'Payroll'. This will cause values to be silently truncated if they do not fit in the default precision and scale. Explicitly specify the SQL server column type that can accommodate all the values in 'OnModelCreating' using 'HasColumnType', specify precision and scale using 'HasPrecision', or configure a value converter using 'HasConversion'.
2025-11-08 21:49:19.186 +00:00 [WRN] No store type was specified for the decimal property 'NetSalary' on entity type 'Payroll'. This will cause values to be silently truncated if they do not fit in the default precision and scale. Explicitly specify the SQL server column type that can accommodate all the values in 'OnModelCreating' using 'HasColumnType', specify precision and scale using 'HasPrecision', or configure a value converter using 'HasConversion'.
2025-11-08 21:49:19.189 +00:00 [WRN] No store type was specified for the decimal property 'TaxDeductions' on entity type 'Payroll'. This will cause values to be silently truncated if they do not fit in the default precision and scale. Explicitly specify the SQL server column type that can accommodate all the values in 'OnModelCreating' using 'HasColumnType', specify precision and scale using 'HasPrecision', or configure a value converter using 'HasConversion'.
2025-11-08 21:49:19.191 +00:00 [WRN] No store type was specified for the decimal property 'Amount' on entity type 'PayrollItem'. This will cause values to be silently truncated if they do not fit in the default precision and scale. Explicitly specify the SQL server column type that can accommodate all the values in 'OnModelCreating' using 'HasColumnType', specify precision and scale using 'HasPrecision', or configure a value converter using 'HasConversion'.
2025-11-08 21:49:19.192 +00:00 [WRN] No store type was specified for the decimal property 'Progress' on entity type 'PerformanceGoal'. This will cause values to be silently truncated if they do not fit in the default precision and scale. Explicitly specify the SQL server column type that can accommodate all the values in 'OnModelCreating' using 'HasColumnType', specify precision and scale using 'HasPrecision', or configure a value converter using 'HasConversion'.
2025-11-08 21:49:19.194 +00:00 [WRN] No store type was specified for the decimal property 'Rating' on entity type 'ReviewMetric'. This will cause values to be silently truncated if they do not fit in the default precision and scale. Explicitly specify the SQL server column type that can accommodate all the values in 'OnModelCreating' using 'HasColumnType', specify precision and scale using 'HasPrecision', or configure a value converter using 'HasConversion'.
2025-11-08 21:49:19.196 +00:00 [WRN] No store type was specified for the decimal property 'Weight' on entity type 'ReviewMetric'. This will cause values to be silently truncated if they do not fit in the default precision and scale. Explicitly specify the SQL server column type that can accommodate all the values in 'OnModelCreating' using 'HasColumnType', specify precision and scale using 'HasPrecision', or configure a value converter using 'HasConversion'.
2025-11-08 21:49:22.191 +00:00 [INF] Executed DbCommand (327ms) [Parameters=[], CommandType='"Text"', CommandTimeout='30']
SELECT 1
2025-11-08 21:49:23.573 +00:00 [WRN] Using an in-memory repository. Keys will not be persisted to storage.
2025-11-08 21:49:23.575 +00:00 [WRN] Neither user profile nor HKLM registry available. Using an ephemeral key repository. Protected data will be unavailable when application exits.
2025-11-08 21:49:23.606 +00:00 [INF] Payroll Processing Service is starting.
2025-11-08 21:49:23.609 +00:00 [INF] Initial delay until first payroll run: "02:10:36.3921691"
2025-11-08 21:49:23.628 +00:00 [INF] Creating key {6e568ded-b6b5-43e1-9bc6-dc946d66baed} with creation date 2025-11-08 21:49:23Z, activation date 2025-11-08 21:49:23Z, and expiration date 2026-02-06 21:49:23Z.
2025-11-08 21:49:23.648 +00:00 [WRN] No XML encryptor configured. Key {6e568ded-b6b5-43e1-9bc6-dc946d66baed} may be persisted to storage in unencrypted form.
2025-11-08 21:49:23.995 +00:00 [INF] Now listening on: http://[::]:8080
2025-11-08 21:49:23.996 +00:00 [INF] Now listening on: https://[::]:8081
2025-11-08 21:49:23.997 +00:00 [INF] Application started. Press Ctrl+C to shut down.
2025-11-08 21:49:23.998 +00:00 [INF] Hosting environment: Development
2025-11-08 21:49:24.000 +00:00 [INF] Content root path: /app
2025-11-08 21:49:26.796 +00:00 [INF] Request starting HTTP/2 GET https://localhost:59423/swagger - null null
2025-11-08 21:49:26.941 +00:00 [INF] Request starting HTTP/2 GET https://localhost:59423/swagger/index.html - null null
2025-11-08 21:49:26.932 +00:00 [INF] Request finished HTTP/2 GET https://localhost:59423/swagger - 301 0 null 140.9382ms
2025-11-08 21:49:27.064 +00:00 [INF] Request finished HTTP/2 GET https://localhost:59423/swagger/index.html - 200 null text/html;charset=utf-8 123.1342ms
2025-11-08 21:49:27.089 +00:00 [INF] Request starting HTTP/2 GET https://localhost:59423/swagger/swagger-ui.css - null null
2025-11-08 21:49:27.089 +00:00 [INF] Request starting HTTP/2 GET https://localhost:59423/swagger/index.css - null null
2025-11-08 21:49:27.089 +00:00 [INF] Request starting HTTP/2 GET https://localhost:59423/swagger/swagger-ui-bundle.js - null null
2025-11-08 21:49:27.089 +00:00 [INF] Request starting HTTP/2 GET https://localhost:59423/swagger/swagger-ui-standalone-preset.js - null null
2025-11-08 21:49:27.090 +00:00 [INF] Request starting HTTP/2 GET https://localhost:59423/swagger/index.js - null null
2025-11-08 21:49:27.127 +00:00 [INF] Request finished HTTP/2 GET https://localhost:59423/swagger/index.js - 200 null application/javascript;charset=utf-8 37.084ms
2025-11-08 21:49:27.151 +00:00 [INF] Request finished HTTP/2 GET https://localhost:59423/swagger/index.css - 200 202 text/css 62.1615ms
2025-11-08 21:49:27.211 +00:00 [INF] Request finished HTTP/2 GET https://localhost:59423/swagger/swagger-ui.css - 200 155175 text/css 121.8075ms
2025-11-08 21:49:27.211 +00:00 [INF] Request finished HTTP/2 GET https://localhost:59423/swagger/swagger-ui-standalone-preset.js - 200 229223 text/javascript 121.1444ms
2025-11-08 21:49:27.246 +00:00 [INF] Request finished HTTP/2 GET https://localhost:59423/swagger/swagger-ui-bundle.js - 200 1485750 text/javascript 156.1142ms
2025-11-08 21:49:27.625 +00:00 [INF] Request starting HTTP/2 GET https://localhost:59423/swagger/v1/swagger.json - null null
2025-11-08 21:49:27.663 +00:00 [INF] Request starting HTTP/2 GET https://localhost:59423/swagger/favicon-32x32.png - null null
2025-11-08 21:49:27.665 +00:00 [INF] Request finished HTTP/2 GET https://localhost:59423/swagger/favicon-32x32.png - 200 628 image/png 1.9852ms
2025-11-08 21:49:28.028 +00:00 [INF] Request finished HTTP/2 GET https://localhost:59423/swagger/v1/swagger.json - 200 null application/json;charset=utf-8 403.3198ms
2025-11-08 21:49:34.919 +00:00 [INF] Request starting HTTP/2 GET https://localhost:59423/api/Employees - null null
2025-11-08 21:49:35.444 +00:00 [INF] Executing endpoint 'HRMS.API.Controllers.EmployeesController.GetAllEmployees (HRMS.API)'
2025-11-08 21:49:35.483 +00:00 [INF] Route matched with {action = "GetAllEmployees", controller = "Employees"}. Executing controller action with signature System.Threading.Tasks.Task`1[Microsoft.AspNetCore.Mvc.IActionResult] GetAllEmployees(HRMS.Application.Features.Employees.Queries.GetEmployeeList.GetEmployeeListQuery) on controller HRMS.API.Controllers.EmployeesController (HRMS.API).
2025-11-08 21:49:35.492 +00:00 [WRN] You do not have a valid license key for the Lucky Penny software MediatR. This is allowed for development and testing scenarios. If you are running in production you are required to have a licensed version. Please visit https://luckypennysoftware.com to obtain a valid license.
2025-11-08 21:49:43.934 +00:00 [WRN] Compiling a query which loads related collections for more than one collection navigation, either via 'Include' or through projection, but no 'QuerySplittingBehavior' has been configured. By default, Entity Framework will use 'QuerySplittingBehavior.SingleQuery', which can potentially result in slow query performance. See https://go.microsoft.com/fwlink/?linkid=2134277 for more information. To identify the query that's triggering this warning call 'ConfigureWarnings(w => w.Throw(RelationalEventId.MultipleCollectionIncludeWarning))'.
2025-11-08 21:49:44.698 +00:00 [INF] Executed DbCommand (340ms) [Parameters=[], CommandType='"Text"', CommandTimeout='30']
SELECT [e].[Id], [e].[AzureAdId], [e].[BaseSalary], [e].[DateOfBirth], [e].[DepartmentId], [e].[EmployeeNumber], [e].[EmploymentType], [e].[FullTimeEquivalent], [e].[Gender], [e].[GovernmentId], [e].[HireDate], [e].[IsFullTime], [e].[JobTitle], [e].[ManagerId], [e].[MaritalStatus], [e].[PayFrequency], [e].[PersonalPhone], [e].[PositionId], [e].[Status], [e].[TaxIdentificationNumber], [e].[TerminationDate], [e].[TerminationReason], [e].[WorkPhone], [d].[Id], [p].[Id], [e0].[Id], [e0].[ClockInTime], [e0].[ClockOutTime], [e0].[Date], [e0].[EmployeeId], [e0].[Notes], [e0].[Status], [e].[BankDetails_AccountNumber], [e].[BankDetails_BankName], [e].[BankDetails_RoutingNumber], [e1].[Id], [e1].[EmployeeId], [e1].[ExpirationDate], [e1].[IssueDate], [e1].[IssuingOrganization], [e1].[Name], [e2].[Id], [e2].[DateOfBirth], [e2].[EmployeeId], [e2].[IsForTaxBenefits], [e2].[Name], [e2].[Relationship], [e3].[Id], [e3].[Degree], [e3].[EmployeeId], [e3].[EndDate], [e3].[FieldOfStudy], [e3].[Institution], [e3].[IsCompleted], [e3].[StartDate], [e].[Email], [e4].[Id], [e4].[Email], [e4].[EmployeeId], [e4].[Name], [e4].[PhoneNumber], [e4].[Relationship], [e].[Name_FirstName], [e].[Name_LastName], [e].[PrimaryAddress_City], [e].[PrimaryAddress_Country], [e].[PrimaryAddress_PostalCode], [e].[PrimaryAddress_State], [e].[PrimaryAddress_Street], [e5].[Id], [e5].[AcquiredDate], [e5].[EmployeeId], [e5].[Level], [e5].[Name], [d].[Code], [d].[Description], [d].[ManagerId], [d].[Name], [p].[BaseSalary], [p].[Code], [p].[DepartmentId], [p].[Description], [p].[Title]
FROM [Employees] AS [e]
INNER JOIN [Departments] AS [d] ON [e].[DepartmentId] = [d].[Id]
INNER JOIN [Positions] AS [p] ON [e].[PositionId] = [p].[Id]
LEFT JOIN [EmployeeAttendanceRecords] AS [e0] ON [e].[Id] = [e0].[EmployeeId]
LEFT JOIN [EmployeeCertifications] AS [e1] ON [e].[Id] = [e1].[EmployeeId]
LEFT JOIN [EmployeeDependents] AS [e2] ON [e].[Id] = [e2].[EmployeeId]
LEFT JOIN [EmployeeEducationHistory] AS [e3] ON [e].[Id] = [e3].[EmployeeId]
LEFT JOIN [EmployeeEmergencyContacts] AS [e4] ON [e].[Id] = [e4].[EmployeeId]
LEFT JOIN [EmployeeSkills] AS [e5] ON [e].[Id] = [e5].[EmployeeId]
ORDER BY [e].[Id], [d].[Id], [p].[Id], [e0].[Id], [e1].[Id], [e2].[Id], [e3].[Id], [e4].[Id]
2025-11-08 21:49:45.462 +00:00 [INF] Executing OkObjectResult, writing value of type 'HRMS.Application.Wrappers.BaseResult`1[[System.Collections.Generic.List`1[[HRMS.Application.Features.Employees.Dtos.EmployeeListDto, HRMS.Application, Version=1.0.0.0, Culture=neutral, PublicKeyToken=null]], System.Private.CoreLib, Version=9.0.0.0, Culture=neutral, PublicKeyToken=7cec85d7bea7798e]]'.
2025-11-08 21:49:45.580 +00:00 [INF] Executed action HRMS.API.Controllers.EmployeesController.GetAllEmployees (HRMS.API) in 10069.9853ms
2025-11-08 21:49:45.605 +00:00 [INF] Executed endpoint 'HRMS.API.Controllers.EmployeesController.GetAllEmployees (HRMS.API)'
2025-11-08 21:49:45.620 +00:00 [INF] HTTP GET /api/Employees responded 200 in 10173.0658 ms
2025-11-08 21:49:45.639 +00:00 [WRN] Slow Request {"Method":"GET","Path":{"Value":"/api/Employees","HasValue":true,"$type":"PathString"},"StatusCode":200,"DurationMs":10706.1014,"Query":""}
2025-11-08 21:49:45.650 +00:00 [INF] Request finished HTTP/2 GET https://localhost:59423/api/Employees - 200 null application/json; charset=utf-8 10731.7431ms
